<testsuites id="" name="" tests="8" failures="2" skipped="0" errors="0" time="0.620792">
<testsuite name="failing.spec.ts" timestamp="2026-04-07T09:46:02.658Z" hostname="" tests="1" failures="1" skipped="0" time="0.003" errors="0">
<testcase name="always fails — broken assertion" classname="failing.spec.ts" time="0.003">
<system-out>
<![CDATA[
[[ATTACHMENT|failing-always-fails-—-broken-assertion/error-context.md]]
]]>
</system-out>
<failure message="expect(received).toBe(expected) // Object.is equality" type="expect.toBe">
<![CDATA[  failing.spec.ts:4:5 › always fails — broken assertion ────────────────────────────────────────────

    Error: expect(received).toBe(expected) // Object.is equality

    Expected: 3
    Received: 2

      3 | // This test ALWAYS FAILS — it's a bug, not a flake
      4 | test("always fails — broken assertion", () => {
    > 5 |   expect(1 + 1).toBe(3);
        |                 ^
      6 | });
      7 |
        at /Users/promode/Documents/SocialMedia/deflaky/sample-tests/tests/failing.spec.ts:5:17

    Error Context: ../test-results/failing-always-fails-—-broken-assertion/error-context.md
]]>
</failure>
</testcase>
</testsuite>
<testsuite name="flaky.spec.ts" timestamp="2026-04-07T09:46:02.658Z" hostname="" tests="3" failures="1" skipped="0" time="0.008" errors="0">
<testcase name="flaky — random number check" classname="flaky.spec.ts" time="0.003">
<system-out>
<![CDATA[
[[ATTACHMENT|flaky-flaky-—-random-number-check/error-context.md]]
]]>
</system-out>
<failure message="expect(received).toBeGreaterThan(expected)" type="expect.toBeGreaterThan">
<![CDATA[  flaky.spec.ts:4:5 › flaky — random number check ──────────────────────────────────────────────────

    Error: expect(received).toBeGreaterThan(expected)

    Expected: > 0.5
    Received:   0.04942389200866515

      4 | test("flaky — random number check", () => {
      5 |   const value = Math.random();
    > 6 |   expect(value).toBeGreaterThan(0.5);
        |                 ^
      7 | });
      8 |
      9 | // This test is DELIBERATELY FLAKY — it passes ~70% of the time
        at /Users/promode/Documents/SocialMedia/deflaky/sample-tests/tests/flaky.spec.ts:6:17

    Error Context: ../test-results/flaky-flaky-—-random-number-check/error-context.md
]]>
</failure>
</testcase>
<testcase name="flaky — timing-based check" classname="flaky.spec.ts" time="0.004">
</testcase>
<testcase name="flaky — date seconds check" classname="flaky.spec.ts" time="0.001">
</testcase>
</testsuite>
<testsuite name="stable.spec.ts" timestamp="2026-04-07T09:46:02.658Z" hostname="" tests="4" failures="0" skipped="0" time="0.004" errors="0">
<testcase name="should always pass — addition" classname="stable.spec.ts" time="0.002">
</testcase>
<testcase name="should always pass — string concat" classname="stable.spec.ts" time="0.001">
</testcase>
<testcase name="should always pass — array length" classname="stable.spec.ts" time="0.001">
</testcase>
<testcase name="should always pass — truthy check" classname="stable.spec.ts" time="0">
</testcase>
</testsuite>
</testsuites>